<?xml version="1.0" encoding="UTF-8"?>
<!-- Generated by org.testng.reporters.JUnitReportReporter -->
<testsuite hostname="LAPTOP-ION7102N" failures="0" tests="1" name="test.classes.Verify_allpages" time="202.872" errors="0" timestamp="2024-12-24T14:45:33 IST" skipped="0">
  <testcase classname="test.classes.Verify_allpages" name="clickallpages" time="202.872"/>
</testsuite> <!-- test.classes.Verify_allpages -->
