<?xml version="1.0" encoding="UTF-8"?>
<!-- Generated by org.testng.reporters.JUnitReportReporter -->
<testsuite hostname="LAPTOP-ION7102N" failures="0" tests="1" name="test.classes.Verify_categorycount" time="8.215" errors="0" timestamp="2025-01-23T14:49:21 IST" skipped="0">
  <testcase classname="test.classes.Verify_categorycount" name="category" time="8.215"/>
</testsuite> <!-- test.classes.Verify_categorycount -->
