<?xml version="1.0" encoding="UTF-8"?>
<!-- Generated by org.testng.reporters.JUnitReportReporter -->
<testsuite hostname="LAPTOP-ION7102N" failures="0" tests="1" name="test.classes.Verify_Playercount2" time="46.139" errors="0" timestamp="2024-09-12T17:35:09 IST" skipped="0">
  <testcase classname="test.classes.Verify_Playercount2" name="playercount" time="46.139"/>
</testsuite> <!-- test.classes.Verify_Playercount2 -->
