<?xml version="1.0" encoding="UTF-8"?>
<!-- Generated by org.testng.reporters.JUnitReportReporter -->
<testsuite hostname="LAPTOP-ION7102N" failures="0" tests="1" name="test.classes.Registration_page_changes" time="82.067" errors="0" timestamp="2024-12-23T13:54:25 IST" skipped="0">
  <testcase classname="test.classes.Registration_page_changes" name="registratiopagechange" time="82.067"/>
</testsuite> <!-- test.classes.Registration_page_changes -->
