<?xml version="1.0" encoding="UTF-8"?>
<!-- Generated by org.testng.reporters.JUnitReportReporter -->
<testsuite hostname="LAPTOP-ION7102N" failures="0" tests="1" name="test.classes.Verify_categorycount" time="52.041" errors="0" timestamp="2025-02-04T11:10:51 IST" skipped="0">
  <testcase classname="test.classes.Verify_categorycount" name="category" time="52.041"/>
</testsuite> <!-- test.classes.Verify_categorycount -->
