<?xml version="1.0" encoding="UTF-8"?>
<!-- Generated by org.testng.reporters.JUnitReportReporter -->
<testsuite hostname="LAPTOP-ION7102N" failures="0" tests="1" name="test.classes.Verify_Allprovider" time="28.382" errors="0" timestamp="2025-01-22T17:26:00 IST" skipped="0">
  <testcase classname="test.classes.Verify_Allprovider" name="allprovider" time="28.382"/>
</testsuite> <!-- test.classes.Verify_Allprovider -->
