<?xml version="1.0" encoding="UTF-8"?>
<!-- Generated by org.testng.reporters.JUnitReportReporter -->
<testsuite hostname="LAPTOP-ION7102N" failures="0" tests="1" name="Verify_allpages" time="80.866" errors="0" timestamp="2024-12-23T17:44:26 IST" skipped="0">
  <testcase classname="Verify_allpages" name="clickallpages" time="80.866"/>
</testsuite> <!-- Verify_allpages -->
