<?xml version="1.0" encoding="UTF-8"?>
<!-- Generated by org.testng.reporters.JUnitReportReporter -->
<testsuite hostname="LAPTOP-ION7102N" failures="0" tests="1" name="test.classes.Verify_Languagechange" time="66.484" errors="0" timestamp="2025-01-08T17:35:02 IST" skipped="0">
  <testcase classname="test.classes.Verify_Languagechange" name="languagechange" time="66.484"/>
</testsuite> <!-- test.classes.Verify_Languagechange -->
