<?xml version="1.0" encoding="UTF-8"?>
<!-- Generated by org.testng.reporters.JUnitReportReporter -->
<testsuite hostname="LAPTOP-ION7102N" failures="0" tests="1" name="test.classes.Verify_AdminLogin" time="23.249" errors="0" timestamp="2024-09-10T12:01:47 IST" skipped="0">
  <testcase classname="test.classes.Verify_AdminLogin" name="adminlogin" time="23.249"/>
</testsuite> <!-- test.classes.Verify_AdminLogin -->
