<?xml version="1.0" encoding="UTF-8"?>
<!-- Generated by org.testng.reporters.JUnitReportReporter -->
<testsuite hostname="LAPTOP-ION7102N" failures="0" tests="1" name="test.classes.Verify_categorycount" time="19.281" errors="0" timestamp="2025-01-29T18:33:17 IST" skipped="0">
  <testcase classname="test.classes.Verify_categorycount" name="category" time="19.281"/>
</testsuite> <!-- test.classes.Verify_categorycount -->
