<?xml version="1.0" encoding="UTF-8"?>
<!-- Generated by org.testng.reporters.JUnitReportReporter -->
<testsuite hostname="LAPTOP-ION7102N" failures="0" tests="1" name="test.classes.Adminbaseclass" time="15.381" errors="0" timestamp="2024-08-21T17:32:25 IST" skipped="0">
  <testcase classname="test.classes.Adminbaseclass" name="setup" time="15.381"/>
</testsuite> <!-- test.classes.Adminbaseclass -->
