<?xml version="1.0" encoding="UTF-8"?>
<!-- Generated by org.testng.reporters.JUnitReportReporter -->
<testsuite hostname="LAPTOP-ION7102N" failures="0" tests="1" name="test.classes.Verify_Playercount" time="50.510" errors="0" timestamp="2024-09-18T15:00:53 IST" skipped="0">
  <testcase classname="test.classes.Verify_Playercount" name="playercount" time="50.510"/>
</testsuite> <!-- test.classes.Verify_Playercount -->
