<?xml version="1.0" encoding="UTF-8"?>
<!-- Generated by org.testng.reporters.JUnitReportReporter -->
<testsuite hostname="LAPTOP-ION7102N" failures="0" tests="1" name="test.classes.Login_admin" time="0.752" errors="0" timestamp="2024-10-25T12:05:06 IST" skipped="0">
  <testcase classname="test.classes.Login_admin" name="username" time="0.752"/>
</testsuite> <!-- test.classes.Login_admin -->
