<?xml version="1.0" encoding="UTF-8"?>
<!-- Generated by org.testng.reporters.JUnitReportReporter -->
<testsuite hostname="LAPTOP-ION7102N" failures="0" tests="1" name="test.classes.Verify_Loginfunctionailty" time="46.066" errors="0" timestamp="2025-01-08T11:44:47 IST" skipped="0">
  <testcase classname="test.classes.Verify_Loginfunctionailty" name="loginfunctionality" time="46.066"/>
</testsuite> <!-- test.classes.Verify_Loginfunctionailty -->
